[debug] [2026-04-20T10:47:45.981Z] ----------------------------------------------------------------------
[debug] [2026-04-20T10:47:45.983Z] Command:       /Users/fasihuddinahmer/.nvm/versions/node/v22.22.1/bin/node /Users/fasihuddinahmer/.nvm/versions/node/v22.22.1/bin/firebase projects:create sangemarmar-vts --display-name Sangemarmar VTS
[debug] [2026-04-20T10:47:45.983Z] CLI Version:   15.15.0
[debug] [2026-04-20T10:47:45.983Z] Platform:      darwin
[debug] [2026-04-20T10:47:45.983Z] Node Version:  v22.22.1
[debug] [2026-04-20T10:47:45.983Z] Time:          Mon Apr 20 2026 16:17:45 GMT+0530 (India Standard Time)
[debug] [2026-04-20T10:47:45.983Z] ----------------------------------------------------------------------
[debug] 
[debug] [2026-04-20T10:47:45.987Z] > command requires scopes: ["email","openid","https://www.googleapis.com/auth/cloudplatformprojects.readonly","https://www.googleapis.com/auth/firebase","https://www.googleapis.com/auth/cloud-platform"]
[debug] [2026-04-20T10:47:45.987Z] > authorizing via signed-in user (hivemindnestor@gmail.com)
[debug] [2026-04-20T10:47:45.988Z] Checked if tokens are valid: true, expires at: 1776685562633
[debug] [2026-04-20T10:47:45.988Z] Checked if tokens are valid: true, expires at: 1776685562633
[debug] [2026-04-20T10:47:45.989Z] >>> [apiv2][query] POST https://cloudresourcemanager.googleapis.com/v1/projects [none]
[debug] [2026-04-20T10:47:45.989Z] >>> [apiv2][body] POST https://cloudresourcemanager.googleapis.com/v1/projects {"projectId":"sangemarmar-vts","name":"Sangemarmar VTS"}
[debug] [2026-04-20T10:47:47.970Z] <<< [apiv2][status] POST https://cloudresourcemanager.googleapis.com/v1/projects 200
[debug] [2026-04-20T10:47:47.970Z] <<< [apiv2][body] POST https://cloudresourcemanager.googleapis.com/v1/projects {"name":"operations/create_project.global.7647838750092776148"}
[debug] [2026-04-20T10:47:47.971Z] Checked if tokens are valid: true, expires at: 1776685562633
[debug] [2026-04-20T10:47:47.971Z] Checked if tokens are valid: true, expires at: 1776685562633
[debug] [2026-04-20T10:47:47.971Z] >>> [apiv2][query] GET https://cloudresourcemanager.googleapis.com/v1/operations/create_project.global.7647838750092776148 [none]
[debug] [2026-04-20T10:47:49.512Z] <<< [apiv2][status] GET https://cloudresourcemanager.googleapis.com/v1/operations/create_project.global.7647838750092776148 200
[debug] [2026-04-20T10:47:49.512Z] <<< [apiv2][body] GET https://cloudresourcemanager.googleapis.com/v1/operations/create_project.global.7647838750092776148 {"name":"operations/create_project.global.7647838750092776148"}
[debug] [2026-04-20T10:47:50.014Z] [Project Creation Poller] Retrying task index 0
[debug] [2026-04-20T10:47:50.014Z] Checked if tokens are valid: true, expires at: 1776685562633
[debug] [2026-04-20T10:47:50.014Z] Checked if tokens are valid: true, expires at: 1776685562633
[debug] [2026-04-20T10:47:50.014Z] >>> [apiv2][query] GET https://cloudresourcemanager.googleapis.com/v1/operations/create_project.global.7647838750092776148 [none]
[debug] [2026-04-20T10:47:50.337Z] <<< [apiv2][status] GET https://cloudresourcemanager.googleapis.com/v1/operations/create_project.global.7647838750092776148 200
[debug] [2026-04-20T10:47:50.337Z] <<< [apiv2][body] GET https://cloudresourcemanager.googleapis.com/v1/operations/create_project.global.7647838750092776148 {"name":"operations/create_project.global.7647838750092776148","metadata":{"@type":"type.googleapis.com/google.cloudresourcemanager.v1.ProjectCreationStatus","gettable":true,"ready":true},"done":true,"response":{"@type":"type.googleapis.com/google.cloudresourcemanager.v1.Project","projectNumber":"333499469553","projectId":"sangemarmar-vts","lifecycleState":"ACTIVE","name":"Sangemarmar VTS","createTime":"2026-04-20T10:47:47.697Z"}}
[debug] [2026-04-20T10:47:50.338Z] Checked if tokens are valid: true, expires at: 1776685562633
[debug] [2026-04-20T10:47:50.338Z] Checked if tokens are valid: true, expires at: 1776685562633
[debug] [2026-04-20T10:47:50.338Z] >>> [apiv2][query] POST https://firebase.googleapis.com/v1beta1/projects/sangemarmar-vts:addFirebase [none]
[debug] [2026-04-20T10:47:51.579Z] <<< [apiv2][status] POST https://firebase.googleapis.com/v1beta1/projects/sangemarmar-vts:addFirebase 403
[debug] [2026-04-20T10:47:51.579Z] <<< [apiv2][body] POST https://firebase.googleapis.com/v1beta1/projects/sangemarmar-vts:addFirebase {"error":{"code":403,"message":"The caller does not have permission","status":"PERMISSION_DENIED"}}
[debug] [2026-04-20T10:47:51.580Z] Request to https://firebase.googleapis.com/v1beta1/projects/sangemarmar-vts:addFirebase had HTTP Error: 403, The caller does not have permission
[debug] [2026-04-20T10:47:51.750Z] FirebaseError: Request to https://firebase.googleapis.com/v1beta1/projects/sangemarmar-vts:addFirebase had HTTP Error: 403, The caller does not have permission
    at responseToError (/Users/fasihuddinahmer/.nvm/versions/node/v22.22.1/lib/node_modules/firebase-tools/lib/responseToError.js:53:12)
    at RetryOperation._fn (/Users/fasihuddinahmer/.nvm/versions/node/v22.22.1/lib/node_modules/firebase-tools/lib/apiv2.js:333:77)
    at process.processTicksAndRejections (node:internal/process/task_queues:103:5)
[error] 
[error] Error: Failed to add Firebase to Google Cloud Platform project. See firebase-debug.log for more info.
